<?xml version="1.0" encoding="UTF-8"?>
<!-- Generated by org.testng.reporters.JUnitReportReporter -->
<testsuite hostname="DESKTOP-J5DE89Q" failures="0" tests="2" name="runner.TestRunner" time="0.506" errors="0" timestamp="2025-04-27T12:05:23 IST" skipped="0">
  <testcase classname="runner.TestRunner" name="runScenario" time="0.010"/>
  <testcase classname="runner.TestRunner" name="runScenario" time="0.496"/>
</testsuite> <!-- runner.TestRunner -->
